<?xml version="1.0" encoding="UTF-8"?>
<testsuite name="pre.project.api.integration.question.QuestionControllerTest" tests="1" skipped="0" failures="0" errors="0" timestamp="2022-09-06T10:36:52" hostname="DESKTOP-DI01IPA" time="0.606">
  <properties/>
  <testcase name="질문 글 등록" classname="pre.project.api.integration.question.QuestionControllerTest" time="0.606"/>
  <system-out><![CDATA[19:36:45.590 [Test worker] DEBUG org.springframework.test.context.BootstrapUtils - Instantiating CacheAwareContextLoaderDelegate from class [org.springframework.test.context.cache.DefaultCacheAwareContextLoaderDelegate]
19:36:45.608 [Test worker] DEBUG org.springframework.test.context.BootstrapUtils - Instantiating BootstrapContext using constructor [public org.springframework.test.context.support.DefaultBootstrapContext(java.lang.Class,org.springframework.test.context.CacheAwareContextLoaderDelegate)]
19:36:45.647 [Test worker] DEBUG org.springframework.test.context.BootstrapUtils - Instantiating TestContextBootstrapper for test class [pre.project.api.integration.question.QuestionControllerTest] from class [org.springframework.boot.test.context.SpringBootTestContextBootstrapper]
19:36:45.662 [Test worker] INFO org.springframework.boot.test.context.SpringBootTestContextBootstrapper - Neither @ContextConfiguration nor @ContextHierarchy found for test class [pre.project.api.integration.question.QuestionControllerTest], using SpringBootContextLoader
19:36:45.667 [Test worker] DEBUG org.springframework.test.context.support.AbstractContextLoader - Did not detect default resource location for test class [pre.project.api.integration.question.QuestionControllerTest]: class path resource [pre/project/api/integration/question/QuestionControllerTest-context.xml] does not exist
19:36:45.668 [Test worker] DEBUG org.springframework.test.context.support.AbstractContextLoader - Did not detect default resource location for test class [pre.project.api.integration.question.QuestionControllerTest]: class path resource [pre/project/api/integration/question/QuestionControllerTestContext.groovy] does not exist
19:36:45.668 [Test worker] INFO org.springframework.test.context.support.AbstractContextLoader - Could not detect default resource locations for test class [pre.project.api.integration.question.QuestionControllerTest]: no resource found for suffixes {-context.xml, Context.groovy}.
19:36:45.669 [Test worker] INFO org.springframework.test.context.support.AnnotationConfigContextLoaderUtils - Could not detect default configuration classes for test class [pre.project.api.integration.question.QuestionControllerTest]: QuestionControllerTest does not declare any static, non-private, non-final, nested classes annotated with @Configuration.
19:36:45.739 [Test worker] DEBUG org.springframework.test.context.support.ActiveProfilesUtils - Could not find an 'annotation declaring class' for annotation type [org.springframework.test.context.ActiveProfiles] and class [pre.project.api.integration.question.QuestionControllerTest]
19:36:45.815 [Test worker] DEBUG org.springframework.context.annotation.ClassPathScanningCandidateComponentProvider - Identified candidate component class: file [C:\Users\kang\dev\WebProject\team\seb39_pre_056\Server\build\classes\java\main\pre\project\ServerApplication.class]
19:36:45.816 [Test worker] INFO org.springframework.boot.test.context.SpringBootTestContextBootstrapper - Found @SpringBootConfiguration pre.project.ServerApplication for test class pre.project.api.integration.question.QuestionControllerTest
19:36:45.952 [Test worker] DEBUG org.springframework.boot.test.context.SpringBootTestContextBootstrapper - @TestExecutionListeners is not present for class [pre.project.api.integration.question.QuestionControllerTest]: using defaults.
19:36:45.952 [Test worker] INFO org.springframework.boot.test.context.SpringBootTestContextBootstrapper - Loaded default TestExecutionListener class names from location [META-INF/spring.factories]: [org.springframework.boot.test.autoconfigure.restdocs.RestDocsTestExecutionListener, org.springframework.boot.test.autoconfigure.web.client.MockRestServiceServerResetTestExecutionListener, org.springframework.boot.test.autoconfigure.web.servlet.MockMvcPrintOnlyOnFailureTestExecutionListener, org.springframework.boot.test.autoconfigure.web.servlet.WebDriverTestExecutionListener, org.springframework.boot.test.autoconfigure.webservices.client.MockWebServiceServerTestExecutionListener, org.springframework.boot.test.mock.mockito.MockitoTestExecutionListener, org.springframework.boot.test.mock.mockito.ResetMocksTestExecutionListener, org.springframework.test.context.web.ServletTestExecutionListener, org.springframework.test.context.support.DirtiesContextBeforeModesTestExecutionListener, org.springframework.test.context.event.ApplicationEventsTestExecutionListener, org.springframework.test.context.support.DependencyInjectionTestExecutionListener, org.springframework.test.context.support.DirtiesContextTestExecutionListener, org.springframework.test.context.transaction.TransactionalTestExecutionListener, org.springframework.test.context.jdbc.SqlScriptsTestExecutionListener, org.springframework.test.context.event.EventPublishingTestExecutionListener]
19:36:45.974 [Test worker] INFO org.springframework.boot.test.context.SpringBootTestContextBootstrapper - Using TestExecutionListeners: [org.springframework.test.context.web.ServletTestExecutionListener@420bc288, org.springframework.test.context.support.DirtiesContextBeforeModesTestExecutionListener@df5f5c0, org.springframework.test.context.event.ApplicationEventsTestExecutionListener@308a6984, org.springframework.boot.test.mock.mockito.MockitoTestExecutionListener@66b72664, org.springframework.boot.test.autoconfigure.SpringBootDependencyInjectionTestExecutionListener@7a34b7b8, org.springframework.test.context.support.DirtiesContextTestExecutionListener@58cd06cb, org.springframework.test.context.transaction.TransactionalTestExecutionListener@3be8821f, org.springframework.test.context.jdbc.SqlScriptsTestExecutionListener@64b31700, org.springframework.test.context.event.EventPublishingTestExecutionListener@3b65e559, org.springframework.boot.test.autoconfigure.restdocs.RestDocsTestExecutionListener@bae47a0, org.springframework.boot.test.autoconfigure.web.client.MockRestServiceServerResetTestExecutionListener@74a9c4b0, org.springframework.boot.test.autoconfigure.web.servlet.MockMvcPrintOnlyOnFailureTestExecutionListener@85ec632, org.springframework.boot.test.autoconfigure.web.servlet.WebDriverTestExecutionListener@1c05a54d, org.springframework.boot.test.autoconfigure.webservices.client.MockWebServiceServerTestExecutionListener@65ef722a, org.springframework.boot.test.mock.mockito.ResetMocksTestExecutionListener@5fd9b663]
19:36:45.978 [Test worker] DEBUG org.springframework.test.context.support.AbstractDirtiesContextTestExecutionListener - Before test class: context [DefaultTestContext@d71adc2 testClass = QuestionControllerTest, testInstance = [null], testMethod = [null], testException = [null], mergedContextConfiguration = [WebMergedContextConfiguration@3add81c4 testClass = QuestionControllerTest, locations = '{}', classes = '{class pre.project.ServerApplication}', contextInitializerClasses = '[]', activeProfiles = '{}', propertySourceLocations = '{}', propertySourceProperties = '{org.springframework.boot.test.context.SpringBootTestContextBootstrapper=true}', contextCustomizers = set[org.springframework.boot.test.autoconfigure.actuate.metrics.MetricsExportContextCustomizerFactory$DisableMetricExportContextCustomizer@5b43fbf6, org.springframework.boot.test.autoconfigure.properties.PropertyMappingContextCustomizer@4b3fa0b3, org.springframework.boot.test.autoconfigure.web.servlet.WebDriverContextCustomizerFactory$Customizer@556d0826, [ImportsContextCustomizer@1a1d3c1a key = [org.springframework.boot.test.autoconfigure.web.servlet.MockMvcAutoConfiguration, org.springframework.boot.test.autoconfigure.web.servlet.MockMvcWebClientAutoConfiguration, org.springframework.boot.test.autoconfigure.web.servlet.MockMvcWebDriverAutoConfiguration, org.springframework.boot.autoconfigure.security.oauth2.client.servlet.OAuth2ClientAutoConfiguration, org.springframework.boot.autoconfigure.security.oauth2.resource.servlet.OAuth2ResourceServerAutoConfiguration, org.springframework.boot.autoconfigure.security.servlet.SecurityAutoConfiguration, org.springframework.boot.autoconfigure.security.servlet.SecurityFilterAutoConfiguration, org.springframework.boot.autoconfigure.security.servlet.UserDetailsServiceAutoConfiguration, org.springframework.boot.test.autoconfigure.web.servlet.MockMvcSecurityConfiguration, org.springframework.boot.test.autoconfigure.web.reactive.WebTestClientAutoConfiguration]], org.springframework.boot.test.context.filter.ExcludeFilterContextCustomizer@4a335fa8, org.springframework.boot.test.json.DuplicateJsonObjectContextCustomizerFactory$DuplicateJsonObjectContextCustomizer@15eebbff, org.springframework.boot.test.mock.mockito.MockitoContextCustomizer@0, org.springframework.boot.test.web.client.TestRestTemplateContextCustomizer@7e38a7fe, org.springframework.boot.test.context.SpringBootTestArgs@1, org.springframework.boot.test.context.SpringBootTestWebEnvironment@6950ed69], resourceBasePath = 'src/main/webapp', contextLoader = 'org.springframework.boot.test.context.SpringBootContextLoader', parent = [null]], attributes = map['org.springframework.test.context.web.ServletTestExecutionListener.activateListener' -> true]], class annotated with @DirtiesContext [false] with mode [null].

  .   ____          _            __ _ _
 /\\ / ___'_ __ _ _(_)_ __  __ _ \ \ \ \
( ( )\___ | '_ | '_| | '_ \/ _` | \ \ \ \
 \\/  ___)| |_)| | | | | || (_| |  ) ) ) )
  '  |____| .__|_| |_|_| |_\__, | / / / /
 =========|_|==============|___/=/_/_/_/
 :: Spring Boot ::                (v2.7.3)

2022-09-06 19:36:46.492  INFO 23668 --- [    Test worker] p.p.a.i.question.QuestionControllerTest  : Starting QuestionControllerTest using Java 11.0.13 on DESKTOP-DI01IPA with PID 23668 (started by kang in C:\Users\kang\dev\WebProject\team\seb39_pre_056\Server)
2022-09-06 19:36:46.493  INFO 23668 --- [    Test worker] p.p.a.i.question.QuestionControllerTest  : No active profile set, falling back to 1 default profile: "default"
2022-09-06 19:36:47.512  INFO 23668 --- [    Test worker] .s.d.r.c.RepositoryConfigurationDelegate : Bootstrapping Spring Data JPA repositories in DEFAULT mode.
2022-09-06 19:36:47.612  INFO 23668 --- [    Test worker] .s.d.r.c.RepositoryConfigurationDelegate : Finished Spring Data repository scanning in 88 ms. Found 2 JPA repository interfaces.
2022-09-06 19:36:48.539  INFO 23668 --- [    Test worker] o.hibernate.jpa.internal.util.LogHelper  : HHH000204: Processing PersistenceUnitInfo [name: default]
2022-09-06 19:36:48.631  INFO 23668 --- [    Test worker] org.hibernate.Version                    : HHH000412: Hibernate ORM core version 5.6.10.Final
2022-09-06 19:36:48.873  INFO 23668 --- [    Test worker] o.hibernate.annotations.common.Version   : HCANN000001: Hibernate Commons Annotations {5.1.2.Final}
2022-09-06 19:36:49.042  INFO 23668 --- [    Test worker] com.zaxxer.hikari.HikariDataSource       : HikariPool-1 - Starting...
2022-09-06 19:36:49.373  INFO 23668 --- [    Test worker] com.zaxxer.hikari.HikariDataSource       : HikariPool-1 - Start completed.
2022-09-06 19:36:49.426  INFO 23668 --- [    Test worker] org.hibernate.dialect.Dialect            : HHH000400: Using dialect: org.hibernate.dialect.H2Dialect
2022-09-06 19:36:50.499  INFO 23668 --- [    Test worker] o.h.e.t.j.p.i.JtaPlatformInitiator       : HHH000490: Using JtaPlatform implementation: [org.hibernate.engine.transaction.jta.platform.internal.NoJtaPlatform]
2022-09-06 19:36:50.511  INFO 23668 --- [    Test worker] j.LocalContainerEntityManagerFactoryBean : Initialized JPA EntityManagerFactory for persistence unit 'default'
2022-09-06 19:36:51.458  WARN 23668 --- [    Test worker] JpaBaseConfiguration$JpaWebConfiguration : spring.jpa.open-in-view is enabled by default. Therefore, database queries may be performed during view rendering. Explicitly configure spring.jpa.open-in-view to disable this warning
2022-09-06 19:36:51.962  INFO 23668 --- [    Test worker] o.s.b.a.h2.H2ConsoleAutoConfiguration    : H2 console available at '/h2'. Database available at 'jdbc:h2:mem:test'
2022-09-06 19:36:52.543  INFO 23668 --- [    Test worker] o.s.b.t.m.w.SpringBootMockServletContext : Initializing Spring TestDispatcherServlet ''
2022-09-06 19:36:52.544  INFO 23668 --- [    Test worker] o.s.t.web.servlet.TestDispatcherServlet  : Initializing Servlet ''
2022-09-06 19:36:52.546  INFO 23668 --- [    Test worker] o.s.t.web.servlet.TestDispatcherServlet  : Completed initialization in 2 ms
2022-09-06 19:36:52.572  INFO 23668 --- [    Test worker] p.p.a.i.question.QuestionControllerTest  : Started QuestionControllerTest in 6.548 seconds (JVM running for 9.57)
2022-09-06 19:36:52.910  INFO 23668 --- [    Test worker] pre.project.aop.LogAop                   : REQUEST : pre.project.api.domain.question.controller.QuestionController(createQuestion)
2022-09-06 19:36:52.917  INFO 23668 --- [    Test worker] pre.project.aop.LogAop                   : REQUEST : pre.project.api.domain.question.service.QuestionServiceImpl(create)
2022-09-06 19:36:52.927  INFO 23668 --- [    Test worker] pre.project.aop.LogAop                   : REQUEST : org.springframework.data.repository.CrudRepository(save)
2022-09-06 19:36:53.082  INFO 23668 --- [    Test worker] pre.project.aop.LogAop                   : RESPONSE : org.springframework.data.repository.CrudRepository(save) = pre.project.api.domain.question.entity.Question@608b74f3 (155ms)
2022-09-06 19:36:53.082  INFO 23668 --- [    Test worker] pre.project.aop.LogAop                   : RESPONSE : pre.project.api.domain.question.service.QuestionServiceImpl(create) = pre.project.api.domain.question.entity.Question@608b74f3 (165ms)
2022-09-06 19:36:53.087  INFO 23668 --- [    Test worker] pre.project.aop.LogAop                   : RESPONSE : pre.project.api.domain.question.controller.QuestionController(createQuestion) = <201 CREATED Created,pre.project.api.global_dto.SingleResponseDto@3ce71bbb,[]> (177ms)
]]></system-out>
  <system-err><![CDATA[]]></system-err>
</testsuite>
