<?xml version="1.0" encoding="UTF-8"?>
<testsuite name="pre.project.api.domain.question.service.QuestionServiceImplTest" tests="5" skipped="0" failures="0" errors="0" timestamp="2022-09-02T06:06:53" hostname="DESKTOP-DI01IPA" time="0.21">
  <properties/>
  <testcase name="질문 글 작성 성공 테스트" classname="pre.project.api.domain.question.service.QuestionServiceImplTest" time="0.197"/>
  <testcase name="delete()" classname="pre.project.api.domain.question.service.QuestionServiceImplTest" time="0.001"/>
  <testcase name="update()" classname="pre.project.api.domain.question.service.QuestionServiceImplTest" time="0.001"/>
  <testcase name="질문 글 조회 실패 테스트 - Question Not Found" classname="pre.project.api.domain.question.service.QuestionServiceImplTest" time="0.006"/>
  <testcase name="질문 글 조회 성공 테스트" classname="pre.project.api.domain.question.service.QuestionServiceImplTest" time="0.002"/>
  <system-out><![CDATA[]]></system-out>
  <system-err><![CDATA[]]></system-err>
</testsuite>
