<?xml version="1.0" encoding="UTF-8"?>
<testsuite name="pre.project.api.ServerApplicationTests" tests="1" skipped="0" failures="0" errors="0" timestamp="2022-09-02T06:06:53" hostname="DESKTOP-DI01IPA" time="0.142">
  <properties/>
  <testcase name="contextLoads()" classname="pre.project.api.ServerApplicationTests" time="0.142"/>
  <system-out><![CDATA[15:06:47.138 [Test worker] DEBUG org.springframework.test.context.BootstrapUtils - Instantiating CacheAwareContextLoaderDelegate from class [org.springframework.test.context.cache.DefaultCacheAwareContextLoaderDelegate]
15:06:47.151 [Test worker] DEBUG org.springframework.test.context.BootstrapUtils - Instantiating BootstrapContext using constructor [public org.springframework.test.context.support.DefaultBootstrapContext(java.lang.Class,org.springframework.test.context.CacheAwareContextLoaderDelegate)]
15:06:47.192 [Test worker] DEBUG org.springframework.test.context.BootstrapUtils - Instantiating TestContextBootstrapper for test class [pre.project.api.ServerApplicationTests] from class [org.springframework.boot.test.context.SpringBootTestContextBootstrapper]
15:06:47.205 [Test worker] INFO org.springframework.boot.test.context.SpringBootTestContextBootstrapper - Neither @ContextConfiguration nor @ContextHierarchy found for test class [pre.project.api.ServerApplicationTests], using SpringBootContextLoader
15:06:47.209 [Test worker] DEBUG org.springframework.test.context.support.AbstractContextLoader - Did not detect default resource location for test class [pre.project.api.ServerApplicationTests]: class path resource [pre/project/api/ServerApplicationTests-context.xml] does not exist
15:06:47.210 [Test worker] DEBUG org.springframework.test.context.support.AbstractContextLoader - Did not detect default resource location for test class [pre.project.api.ServerApplicationTests]: class path resource [pre/project/api/ServerApplicationTestsContext.groovy] does not exist
15:06:47.210 [Test worker] INFO org.springframework.test.context.support.AbstractContextLoader - Could not detect default resource locations for test class [pre.project.api.ServerApplicationTests]: no resource found for suffixes {-context.xml, Context.groovy}.
15:06:47.211 [Test worker] INFO org.springframework.test.context.support.AnnotationConfigContextLoaderUtils - Could not detect default configuration classes for test class [pre.project.api.ServerApplicationTests]: ServerApplicationTests does not declare any static, non-private, non-final, nested classes annotated with @Configuration.
15:06:47.260 [Test worker] DEBUG org.springframework.test.context.support.ActiveProfilesUtils - Could not find an 'annotation declaring class' for annotation type [org.springframework.test.context.ActiveProfiles] and class [pre.project.api.ServerApplicationTests]
15:06:47.324 [Test worker] DEBUG org.springframework.context.annotation.ClassPathScanningCandidateComponentProvider - Identified candidate component class: file [C:\Users\kang\dev\WebProject\team\seb39_pre_056\Server\build\classes\java\main\pre\project\api\ServerApplication.class]
15:06:47.326 [Test worker] INFO org.springframework.boot.test.context.SpringBootTestContextBootstrapper - Found @SpringBootConfiguration pre.project.api.ServerApplication for test class pre.project.api.ServerApplicationTests
15:06:47.449 [Test worker] DEBUG org.springframework.boot.test.context.SpringBootTestContextBootstrapper - @TestExecutionListeners is not present for class [pre.project.api.ServerApplicationTests]: using defaults.
15:06:47.449 [Test worker] INFO org.springframework.boot.test.context.SpringBootTestContextBootstrapper - Loaded default TestExecutionListener class names from location [META-INF/spring.factories]: [org.springframework.boot.test.autoconfigure.restdocs.RestDocsTestExecutionListener, org.springframework.boot.test.autoconfigure.web.client.MockRestServiceServerResetTestExecutionListener, org.springframework.boot.test.autoconfigure.web.servlet.MockMvcPrintOnlyOnFailureTestExecutionListener, org.springframework.boot.test.autoconfigure.web.servlet.WebDriverTestExecutionListener, org.springframework.boot.test.autoconfigure.webservices.client.MockWebServiceServerTestExecutionListener, org.springframework.boot.test.mock.mockito.MockitoTestExecutionListener, org.springframework.boot.test.mock.mockito.ResetMocksTestExecutionListener, org.springframework.test.context.web.ServletTestExecutionListener, org.springframework.test.context.support.DirtiesContextBeforeModesTestExecutionListener, org.springframework.test.context.event.ApplicationEventsTestExecutionListener, org.springframework.test.context.support.DependencyInjectionTestExecutionListener, org.springframework.test.context.support.DirtiesContextTestExecutionListener, org.springframework.test.context.transaction.TransactionalTestExecutionListener, org.springframework.test.context.jdbc.SqlScriptsTestExecutionListener, org.springframework.test.context.event.EventPublishingTestExecutionListener]
15:06:47.496 [Test worker] INFO org.springframework.boot.test.context.SpringBootTestContextBootstrapper - Using TestExecutionListeners: [org.springframework.test.context.web.ServletTestExecutionListener@51c929ae, org.springframework.test.context.support.DirtiesContextBeforeModesTestExecutionListener@3c8bdd5b, org.springframework.test.context.event.ApplicationEventsTestExecutionListener@29d2d081, org.springframework.boot.test.mock.mockito.MockitoTestExecutionListener@40e4ea87, org.springframework.boot.test.autoconfigure.SpringBootDependencyInjectionTestExecutionListener@58783f6c, org.springframework.test.context.support.DirtiesContextTestExecutionListener@3a7b503d, org.springframework.test.context.transaction.TransactionalTestExecutionListener@512d92b, org.springframework.test.context.jdbc.SqlScriptsTestExecutionListener@62c5bbdc, org.springframework.test.context.event.EventPublishingTestExecutionListener@7bdf6bb7, org.springframework.boot.test.autoconfigure.restdocs.RestDocsTestExecutionListener@1bc53649, org.springframework.boot.test.autoconfigure.web.client.MockRestServiceServerResetTestExecutionListener@88d6f9b, org.springframework.boot.test.autoconfigure.web.servlet.MockMvcPrintOnlyOnFailureTestExecutionListener@47d93e0d, org.springframework.boot.test.autoconfigure.web.servlet.WebDriverTestExecutionListener@475b7792, org.springframework.boot.test.autoconfigure.webservices.client.MockWebServiceServerTestExecutionListener@751e664e, org.springframework.boot.test.mock.mockito.ResetMocksTestExecutionListener@160c3ec1]
15:06:47.501 [Test worker] DEBUG org.springframework.test.context.support.AbstractDirtiesContextTestExecutionListener - Before test class: context [DefaultTestContext@2c22a348 testClass = ServerApplicationTests, testInstance = [null], testMethod = [null], testException = [null], mergedContextConfiguration = [WebMergedContextConfiguration@7bd69e82 testClass = ServerApplicationTests, locations = '{}', classes = '{class pre.project.api.ServerApplication}', contextInitializerClasses = '[]', activeProfiles = '{}', propertySourceLocations = '{}', propertySourceProperties = '{org.springframework.boot.test.context.SpringBootTestContextBootstrapper=true}', contextCustomizers = set[org.springframework.boot.test.autoconfigure.actuate.metrics.MetricsExportContextCustomizerFactory$DisableMetricExportContextCustomizer@f667fe, org.springframework.boot.test.autoconfigure.properties.PropertyMappingContextCustomizer@0, org.springframework.boot.test.autoconfigure.web.servlet.WebDriverContextCustomizerFactory$Customizer@24b6b8f6, org.springframework.boot.test.context.filter.ExcludeFilterContextCustomizer@45c8d09f, org.springframework.boot.test.json.DuplicateJsonObjectContextCustomizerFactory$DuplicateJsonObjectContextCustomizer@18230356, org.springframework.boot.test.mock.mockito.MockitoContextCustomizer@0, org.springframework.boot.test.web.client.TestRestTemplateContextCustomizer@6f8f9349, org.springframework.boot.test.context.SpringBootTestArgs@1, org.springframework.boot.test.context.SpringBootTestWebEnvironment@1e13529a], resourceBasePath = 'src/main/webapp', contextLoader = 'org.springframework.boot.test.context.SpringBootContextLoader', parent = [null]], attributes = map['org.springframework.test.context.web.ServletTestExecutionListener.activateListener' -> true]], class annotated with @DirtiesContext [false] with mode [null].

  .   ____          _            __ _ _
 /\\ / ___'_ __ _ _(_)_ __  __ _ \ \ \ \
( ( )\___ | '_ | '_| | '_ \/ _` | \ \ \ \
 \\/  ___)| |_)| | | | | || (_| |  ) ) ) )
  '  |____| .__|_| |_|_| |_\__, | / / / /
 =========|_|==============|___/=/_/_/_/
 :: Spring Boot ::                (v2.7.3)

2022-09-02 15:06:47.971  INFO 6808 --- [    Test worker] pre.project.api.ServerApplicationTests   : Starting ServerApplicationTests using Java 11.0.13 on DESKTOP-DI01IPA with PID 6808 (started by kang in C:\Users\kang\dev\WebProject\team\seb39_pre_056\Server)
2022-09-02 15:06:47.973  INFO 6808 --- [    Test worker] pre.project.api.ServerApplicationTests   : No active profile set, falling back to 1 default profile: "default"
2022-09-02 15:06:48.863  INFO 6808 --- [    Test worker] .s.d.r.c.RepositoryConfigurationDelegate : Bootstrapping Spring Data JPA repositories in DEFAULT mode.
2022-09-02 15:06:48.956  INFO 6808 --- [    Test worker] .s.d.r.c.RepositoryConfigurationDelegate : Finished Spring Data repository scanning in 79 ms. Found 2 JPA repository interfaces.
2022-09-02 15:06:49.614 DEBUG 6808 --- [    Test worker] j.LocalContainerEntityManagerFactoryBean : Building JPA container EntityManagerFactory for persistence unit 'default'
2022-09-02 15:06:49.643  INFO 6808 --- [    Test worker] o.hibernate.jpa.internal.util.LogHelper  : HHH000204: Processing PersistenceUnitInfo [name: default]
2022-09-02 15:06:49.725  INFO 6808 --- [    Test worker] org.hibernate.Version                    : HHH000412: Hibernate ORM core version 5.6.10.Final
2022-09-02 15:06:49.978  INFO 6808 --- [    Test worker] o.hibernate.annotations.common.Version   : HCANN000001: Hibernate Commons Annotations {5.1.2.Final}
2022-09-02 15:06:50.133  INFO 6808 --- [    Test worker] com.zaxxer.hikari.HikariDataSource       : HikariPool-1 - Starting...
2022-09-02 15:06:50.429  INFO 6808 --- [    Test worker] com.zaxxer.hikari.HikariDataSource       : HikariPool-1 - Start completed.
2022-09-02 15:06:50.484  INFO 6808 --- [    Test worker] org.hibernate.dialect.Dialect            : HHH000400: Using dialect: org.hibernate.dialect.H2Dialect
Hibernate: 
    
    create table answer (
       answer_id bigint generated by default as identity,
        content varchar(255) not null,
        edit_date timestamp,
        recommend_num integer not null,
        reg_date timestamp,
        question_id bigint,
        primary key (answer_id)
    )
Hibernate: 
    
    create table question (
       question_id bigint generated by default as identity,
        content varchar(255) not null,
        edit_date timestamp,
        recommend_num integer not null,
        reg_date timestamp,
        title varchar(255) not null,
        view_num integer not null,
        primary key (question_id)
    )
Hibernate: 
    
    alter table answer 
       add constraint FK8frr4bcabmmeyyu60qt7iiblo 
       foreign key (question_id) 
       references question
2022-09-02 15:06:51.386  INFO 6808 --- [    Test worker] o.h.e.t.j.p.i.JtaPlatformInitiator       : HHH000490: Using JtaPlatform implementation: [org.hibernate.engine.transaction.jta.platform.internal.NoJtaPlatform]
2022-09-02 15:06:51.399  INFO 6808 --- [    Test worker] j.LocalContainerEntityManagerFactoryBean : Initialized JPA EntityManagerFactory for persistence unit 'default'
2022-09-02 15:06:51.567 DEBUG 6808 --- [    Test worker] tor$SharedEntityManagerInvocationHandler : Creating new EntityManager for shared EntityManager invocation
2022-09-02 15:06:51.635 DEBUG 6808 --- [    Test worker] tor$SharedEntityManagerInvocationHandler : Creating new EntityManager for shared EntityManager invocation
2022-09-02 15:06:51.698 DEBUG 6808 --- [    Test worker] tor$SharedEntityManagerInvocationHandler : Creating new EntityManager for shared EntityManager invocation
2022-09-02 15:06:51.779 DEBUG 6808 --- [    Test worker] tor$SharedEntityManagerInvocationHandler : Creating new EntityManager for shared EntityManager invocation
2022-09-02 15:06:51.781 DEBUG 6808 --- [    Test worker] tor$SharedEntityManagerInvocationHandler : Creating new EntityManager for shared EntityManager invocation
2022-09-02 15:06:52.172  WARN 6808 --- [    Test worker] JpaBaseConfiguration$JpaWebConfiguration : spring.jpa.open-in-view is enabled by default. Therefore, database queries may be performed during view rendering. Explicitly configure spring.jpa.open-in-view to disable this warning
2022-09-02 15:06:52.604  INFO 6808 --- [    Test worker] o.s.b.a.h2.H2ConsoleAutoConfiguration    : H2 console available at '/h2'. Database available at 'jdbc:h2:mem:test'
2022-09-02 15:06:53.124  INFO 6808 --- [    Test worker] pre.project.api.ServerApplicationTests   : Started ServerApplicationTests in 5.583 seconds (JVM running for 8.361)
]]></system-out>
  <system-err><![CDATA[]]></system-err>
</testsuite>
